2015-08-22 11:31:18 EDT [9259]: [1-1] user=,db=,app=,client= LOG:  database system was shut down at 2015-08-22 05:30:45 EDT
2015-08-22 11:31:18 EDT [9259]: [2-1] user=,db=,app=,client= LOG:  MultiXact member wraparound protections are now enabled
2015-08-22 11:31:18 EDT [9258]: [1-1] user=,db=,app=,client= LOG:  database system is ready to accept connections
2015-08-22 11:31:18 EDT [9264]: [1-1] user=,db=,app=,client= LOG:  autovacuum launcher started
2015-08-22 11:31:50 EDT [9607]: [1-1] user=,db=,app=,client= LOG:  Getting relation statistics for public.supplier
2015-08-22 11:32:49 EDT [9696]: [1-1] user=,db=,app=,client= LOG:  Getting relation statistics for public.part
2015-08-22 11:35:14 EDT [9607]: [2-1] user=,db=,app=,client= LOG:  Getting detailed statistics for public.supplier
2015-08-22 11:35:22 EDT [9696]: [2-1] user=,db=,app=,client= LOG:  Getting detailed statistics for public.part
2015-08-22 11:35:29 EDT [9889]: [1-1] user=mark,db=dbt3,app=psql,client=[local] LOG:  Getting relation statistics for public.region
2015-08-22 11:35:29 EDT [9889]: [2-1] user=mark,db=dbt3,app=psql,client=[local] STATEMENT:  VACUUM ANALYZE region;
2015-08-22 11:35:31 EDT [9894]: [1-1] user=mark,db=dbt3,app=psql,client=[local] LOG:  Getting relation statistics for public.nation
2015-08-22 11:35:31 EDT [9894]: [2-1] user=mark,db=dbt3,app=psql,client=[local] STATEMENT:  VACUUM ANALYZE nation;
2015-08-22 11:35:33 EDT [9889]: [3-1] user=mark,db=dbt3,app=psql,client=[local] LOG:  Getting relation statistics for public.region
2015-08-22 11:35:33 EDT [9889]: [4-1] user=mark,db=dbt3,app=psql,client=[local] STATEMENT:  VACUUM ANALYZE region;
2015-08-22 11:35:33 EDT [9894]: [3-1] user=mark,db=dbt3,app=psql,client=[local] LOG:  Getting relation statistics for public.nation
2015-08-22 11:35:33 EDT [9894]: [4-1] user=mark,db=dbt3,app=psql,client=[local] STATEMENT:  VACUUM ANALYZE nation;
2015-08-22 11:35:35 EDT [9894]: [5-1] user=mark,db=dbt3,app=psql,client=[local] LOG:  Getting detailed statistics for public.nation
2015-08-22 11:35:35 EDT [9894]: [6-1] user=mark,db=dbt3,app=psql,client=[local] STATEMENT:  VACUUM ANALYZE nation;
2015-08-22 11:35:36 EDT [9889]: [5-1] user=mark,db=dbt3,app=psql,client=[local] LOG:  Getting detailed statistics for public.region
2015-08-22 11:35:36 EDT [9889]: [6-1] user=mark,db=dbt3,app=psql,client=[local] STATEMENT:  VACUUM ANALYZE region;
2015-08-22 11:36:12 EDT [10047]: [1-1] user=mark,db=dbt3,app=psql,client=[local] LOG:  process 10047 still waiting for ShareLock on relation 16832 of database 16392 after 1000.177 ms
2015-08-22 11:36:12 EDT [10047]: [2-1] user=mark,db=dbt3,app=psql,client=[local] DETAIL:  Process holding the lock: 10046. Wait queue: 10050, 10047, 10048, 10049.
2015-08-22 11:36:12 EDT [10047]: [3-1] user=mark,db=dbt3,app=psql,client=[local] STATEMENT:  
	CREATE INDEX part_p_container_p_brand_p_partkey_idx
	ON part(p_container, p_brand, p_partkey);
2015-08-22 11:36:12 EDT [10050]: [1-1] user=mark,db=dbt3,app=psql,client=[local] LOG:  process 10050 still waiting for AccessExclusiveLock on relation 16832 of database 16392 after 1017.989 ms
2015-08-22 11:36:12 EDT [10050]: [2-1] user=mark,db=dbt3,app=psql,client=[local] DETAIL:  Process holding the lock: 10046. Wait queue: 10050, 10047, 10048, 10049.
2015-08-22 11:36:12 EDT [10050]: [3-1] user=mark,db=dbt3,app=psql,client=[local] STATEMENT:  
	ALTER TABLE part
	ADD CONSTRAINT pk_part PRIMARY KEY (p_partkey) ;
2015-08-22 11:36:12 EDT [10049]: [1-1] user=mark,db=dbt3,app=psql,client=[local] LOG:  process 10049 still waiting for ShareLock on relation 16832 of database 16392 after 1003.648 ms
2015-08-22 11:36:12 EDT [10049]: [2-1] user=mark,db=dbt3,app=psql,client=[local] DETAIL:  Process holding the lock: 10046. Wait queue: 10050, 10047, 10048, 10049.
2015-08-22 11:36:12 EDT [10049]: [3-1] user=mark,db=dbt3,app=psql,client=[local] STATEMENT:  
	CREATE INDEX part_p_name_idx
	ON part(p_name);
2015-08-22 11:36:12 EDT [10048]: [1-1] user=mark,db=dbt3,app=psql,client=[local] LOG:  process 10048 still waiting for ShareLock on relation 16832 of database 16392 after 1007.480 ms
2015-08-22 11:36:12 EDT [10048]: [2-1] user=mark,db=dbt3,app=psql,client=[local] DETAIL:  Process holding the lock: 10046. Wait queue: 10050, 10047, 10048, 10049.
2015-08-22 11:36:12 EDT [10048]: [3-1] user=mark,db=dbt3,app=psql,client=[local] STATEMENT:  
	CREATE INDEX part_p_type_p_partkey_idx
	ON part(p_type, p_partkey);
2015-08-22 11:36:18 EDT [9261]: [1-1] user=,db=,app=,client= LOG:  checkpoint starting: time
2015-08-22 11:36:40 EDT [10050]: [4-1] user=mark,db=dbt3,app=psql,client=[local] LOG:  process 10050 acquired AccessExclusiveLock on relation 16832 of database 16392 after 28911.182 ms
2015-08-22 11:36:40 EDT [10050]: [5-1] user=mark,db=dbt3,app=psql,client=[local] STATEMENT:  
	ALTER TABLE part
	ADD CONSTRAINT pk_part PRIMARY KEY (p_partkey) ;
2015-08-22 11:36:46 EDT [9261]: [2-1] user=,db=,app=,client= LOG:  checkpoint complete: wrote 251 buffers (0.0%); 0 transaction log file(s) added, 0 removed, 0 recycled; write=27.067 s, sync=0.205 s, total=27.314 s; sync files=35, longest=0.031 s, average=0.005 s; distance=6240 kB, estimate=6240 kB
2015-08-22 11:36:49 EDT [10184]: [1-1] user=,db=,app=,client= LOG:  Getting relation statistics for public.supplier
2015-08-22 11:36:50 EDT [10047]: [4-1] user=mark,db=dbt3,app=psql,client=[local] LOG:  process 10047 acquired ShareLock on relation 16832 of database 16392 after 38356.439 ms
2015-08-22 11:36:50 EDT [10047]: [5-1] user=mark,db=dbt3,app=psql,client=[local] STATEMENT:  
	CREATE INDEX part_p_container_p_brand_p_partkey_idx
	ON part(p_container, p_brand, p_partkey);
2015-08-22 11:36:50 EDT [10048]: [4-1] user=mark,db=dbt3,app=psql,client=[local] LOG:  process 10048 acquired ShareLock on relation 16832 of database 16392 after 38342.083 ms
2015-08-22 11:36:50 EDT [10048]: [5-1] user=mark,db=dbt3,app=psql,client=[local] STATEMENT:  
	CREATE INDEX part_p_type_p_partkey_idx
	ON part(p_type, p_partkey);
2015-08-22 11:36:50 EDT [10049]: [4-1] user=mark,db=dbt3,app=psql,client=[local] LOG:  process 10049 acquired ShareLock on relation 16832 of database 16392 after 38342.635 ms
2015-08-22 11:36:50 EDT [10049]: [5-1] user=mark,db=dbt3,app=psql,client=[local] STATEMENT:  
	CREATE INDEX part_p_name_idx
	ON part(p_name);
2015-08-22 11:36:50 EDT [10184]: [2-1] user=,db=,app=,client= LOG:  Getting detailed statistics for public.supplier
2015-08-22 11:37:31 EDT [10331]: [1-1] user=mark,db=dbt3,app=psql,client=[local] LOG:  process 10331 still waiting for AccessExclusiveLock on relation 16829 of database 16392 after 1000.110 ms
2015-08-22 11:37:31 EDT [10331]: [2-1] user=mark,db=dbt3,app=psql,client=[local] DETAIL:  Processes holding the lock: 10330, 10329. Wait queue: 10331.
2015-08-22 11:37:31 EDT [10331]: [3-1] user=mark,db=dbt3,app=psql,client=[local] STATEMENT:  
	ALTER TABLE supplier
	ADD CONSTRAINT pk_supplier PRIMARY KEY (s_suppkey) ;
2015-08-22 11:37:43 EDT [10331]: [4-1] user=mark,db=dbt3,app=psql,client=[local] LOG:  process 10331 acquired AccessExclusiveLock on relation 16829 of database 16392 after 12296.297 ms
2015-08-22 11:37:43 EDT [10331]: [5-1] user=mark,db=dbt3,app=psql,client=[local] STATEMENT:  
	ALTER TABLE supplier
	ADD CONSTRAINT pk_supplier PRIMARY KEY (s_suppkey) ;
2015-08-22 11:37:49 EDT [10368]: [1-1] user=,db=,app=,client= LOG:  Getting relation statistics for public.part
2015-08-22 11:37:52 EDT [10368]: [2-1] user=,db=,app=,client= LOG:  Getting detailed statistics for public.part
2015-08-22 11:38:49 EDT [10543]: [1-1] user=,db=,app=,client= LOG:  Getting relation statistics for public.supplier
2015-08-22 11:38:52 EDT [10543]: [2-1] user=,db=,app=,client= LOG:  Getting detailed statistics for public.supplier
2015-08-22 11:39:04 EDT [10402]: [1-1] user=mark,db=dbt3,app=psql,client=[local] LOG:  sending cancel to blocking autovacuum PID 10543
2015-08-22 11:39:04 EDT [10402]: [2-1] user=mark,db=dbt3,app=psql,client=[local] DETAIL:  Process 10402 waits for ShareUpdateExclusiveLock on relation 16829 of database 16392.
2015-08-22 11:39:04 EDT [10402]: [3-1] user=mark,db=dbt3,app=psql,client=[local] STATEMENT:  VACUUM ANALYZE supplier;
2015-08-22 11:39:04 EDT [10402]: [4-1] user=mark,db=dbt3,app=psql,client=[local] LOG:  process 10402 still waiting for ShareUpdateExclusiveLock on relation 16829 of database 16392 after 1006.831 ms
2015-08-22 11:39:04 EDT [10402]: [5-1] user=mark,db=dbt3,app=psql,client=[local] DETAIL:  Process holding the lock: 10543. Wait queue: 10402.
2015-08-22 11:39:04 EDT [10402]: [6-1] user=mark,db=dbt3,app=psql,client=[local] STATEMENT:  VACUUM ANALYZE supplier;
2015-08-22 11:39:04 EDT [10543]: [3-1] user=,db=,app=,client= ERROR:  canceling autovacuum task
2015-08-22 11:39:04 EDT [10543]: [4-1] user=,db=,app=,client= CONTEXT:  automatic analyze of table "dbt3.public.supplier"
2015-08-22 11:39:04 EDT [10402]: [7-1] user=mark,db=dbt3,app=psql,client=[local] LOG:  process 10402 acquired ShareUpdateExclusiveLock on relation 16829 of database 16392 after 1189.730 ms
2015-08-22 11:39:04 EDT [10402]: [8-1] user=mark,db=dbt3,app=psql,client=[local] STATEMENT:  VACUUM ANALYZE supplier;
2015-08-22 11:39:04 EDT [10402]: [9-1] user=mark,db=dbt3,app=psql,client=[local] LOG:  Getting relation statistics for public.supplier
2015-08-22 11:39:04 EDT [10402]: [10-1] user=mark,db=dbt3,app=psql,client=[local] STATEMENT:  VACUUM ANALYZE supplier;
2015-08-22 11:39:07 EDT [10402]: [11-1] user=mark,db=dbt3,app=psql,client=[local] LOG:  Getting relation statistics for public.supplier
2015-08-22 11:39:07 EDT [10402]: [12-1] user=mark,db=dbt3,app=psql,client=[local] STATEMENT:  VACUUM ANALYZE supplier;
2015-08-22 11:39:10 EDT [10344]: [1-1] user=mark,db=dbt3,app=psql,client=[local] LOG:  Getting relation statistics for public.part
2015-08-22 11:39:10 EDT [10344]: [2-1] user=mark,db=dbt3,app=psql,client=[local] STATEMENT:  VACUUM ANALYZE part;
2015-08-22 11:39:11 EDT [10402]: [13-1] user=mark,db=dbt3,app=psql,client=[local] LOG:  Getting detailed statistics for public.supplier
2015-08-22 11:39:11 EDT [10402]: [14-1] user=mark,db=dbt3,app=psql,client=[local] STATEMENT:  VACUUM ANALYZE supplier;
2015-08-22 11:39:15 EDT [10344]: [3-1] user=mark,db=dbt3,app=psql,client=[local] LOG:  Getting relation statistics for public.part
2015-08-22 11:39:15 EDT [10344]: [4-1] user=mark,db=dbt3,app=psql,client=[local] STATEMENT:  VACUUM ANALYZE part;
2015-08-22 11:39:21 EDT [10344]: [5-1] user=mark,db=dbt3,app=psql,client=[local] LOG:  Getting detailed statistics for public.part
2015-08-22 11:39:21 EDT [10344]: [6-1] user=mark,db=dbt3,app=psql,client=[local] STATEMENT:  VACUUM ANALYZE part;
2015-08-22 11:41:18 EDT [9261]: [3-1] user=,db=,app=,client= LOG:  checkpoint starting: time
2015-08-22 11:42:12 EDT [9261]: [4-1] user=,db=,app=,client= LOG:  checkpoint complete: wrote 500 buffers (0.0%); 0 transaction log file(s) added, 0 removed, 0 recycled; write=54.155 s, sync=0.197 s, total=54.415 s; sync files=27, longest=0.033 s, average=0.007 s; distance=4736 kB, estimate=6090 kB
2015-08-22 11:42:49 EDT [10952]: [1-1] user=,db=,app=,client= LOG:  Getting relation statistics for public.orders
2015-08-22 11:42:50 EDT [10952]: [2-1] user=,db=,app=,client= LOG:  Getting detailed statistics for public.orders
2015-08-22 11:42:51 EDT [10952]: [3-1] user=,db=,app=,client= LOG:  Getting relation statistics for public.partsupp
2015-08-22 11:42:53 EDT [10952]: [4-1] user=,db=,app=,client= LOG:  Getting detailed statistics for public.partsupp
2015-08-22 11:42:55 EDT [10952]: [5-1] user=,db=,app=,client= LOG:  Getting relation statistics for public.customer
2015-08-22 11:42:57 EDT [10952]: [6-1] user=,db=,app=,client= LOG:  Getting detailed statistics for public.customer
2015-08-22 11:43:49 EDT [11033]: [1-1] user=,db=,app=,client= LOG:  Getting relation statistics for public.orders
2015-08-22 11:43:50 EDT [11033]: [2-1] user=,db=,app=,client= LOG:  Getting detailed statistics for public.orders
2015-08-22 11:43:51 EDT [11033]: [3-1] user=,db=,app=,client= LOG:  Getting relation statistics for public.partsupp
2015-08-22 11:43:52 EDT [11040]: [1-1] user=mark,db=dbt3,app=psql,client=[local] LOG:  sending cancel to blocking autovacuum PID 11033
2015-08-22 11:43:52 EDT [11040]: [2-1] user=mark,db=dbt3,app=psql,client=[local] DETAIL:  Process 11040 waits for ShareLock on relation 16835 of database 16392.
2015-08-22 11:43:52 EDT [11040]: [3-1] user=mark,db=dbt3,app=psql,client=[local] STATEMENT:  
	CREATE INDEX partsupp_ps_suppkey_idx
	ON partsupp (ps_suppkey) ;
2015-08-22 11:43:52 EDT [11040]: [4-1] user=mark,db=dbt3,app=psql,client=[local] LOG:  process 11040 still waiting for ShareLock on relation 16835 of database 16392 after 1001.694 ms
2015-08-22 11:43:52 EDT [11040]: [5-1] user=mark,db=dbt3,app=psql,client=[local] DETAIL:  Process holding the lock: 11033. Wait queue: 11040, 11041.
2015-08-22 11:43:52 EDT [11040]: [6-1] user=mark,db=dbt3,app=psql,client=[local] STATEMENT:  
	CREATE INDEX partsupp_ps_suppkey_idx
	ON partsupp (ps_suppkey) ;
2015-08-22 11:43:52 EDT [11033]: [4-1] user=,db=,app=,client= ERROR:  canceling autovacuum task
2015-08-22 11:43:52 EDT [11033]: [5-1] user=,db=,app=,client= CONTEXT:  automatic analyze of table "dbt3.public.partsupp"
2015-08-22 11:43:52 EDT [11041]: [1-1] user=mark,db=dbt3,app=psql,client=[local] LOG:  sending cancel to blocking autovacuum PID 11033
2015-08-22 11:43:52 EDT [11041]: [2-1] user=mark,db=dbt3,app=psql,client=[local] DETAIL:  Process 11041 waits for AccessExclusiveLock on relation 16835 of database 16392.
2015-08-22 11:43:52 EDT [11041]: [3-1] user=mark,db=dbt3,app=psql,client=[local] STATEMENT:  
	ALTER TABLE partsupp
	ADD CONSTRAINT pk_partsupp
	PRIMARY KEY (ps_partkey, ps_suppkey) ;
2015-08-22 11:43:52 EDT [11041]: [4-1] user=mark,db=dbt3,app=psql,client=[local] LOG:  process 11041 still waiting for AccessExclusiveLock on relation 16835 of database 16392 after 1008.465 ms
2015-08-22 11:43:52 EDT [11041]: [5-1] user=mark,db=dbt3,app=psql,client=[local] DETAIL:  Process holding the lock: 11033. Wait queue: 11040, 11041.
2015-08-22 11:43:52 EDT [11041]: [6-1] user=mark,db=dbt3,app=psql,client=[local] STATEMENT:  
	ALTER TABLE partsupp
	ADD CONSTRAINT pk_partsupp
	PRIMARY KEY (ps_partkey, ps_suppkey) ;
2015-08-22 11:43:52 EDT [11040]: [7-1] user=mark,db=dbt3,app=psql,client=[local] LOG:  process 11040 acquired ShareLock on relation 16835 of database 16392 after 1063.674 ms
2015-08-22 11:43:52 EDT [11040]: [8-1] user=mark,db=dbt3,app=psql,client=[local] STATEMENT:  
	CREATE INDEX partsupp_ps_suppkey_idx
	ON partsupp (ps_suppkey) ;
2015-08-22 11:43:52 EDT [11033]: [6-1] user=,db=,app=,client= ERROR:  canceling autovacuum task
2015-08-22 11:44:07 EDT [11041]: [7-1] user=mark,db=dbt3,app=psql,client=[local] LOG:  process 11041 acquired AccessExclusiveLock on relation 16835 of database 16392 after 15892.358 ms
2015-08-22 11:44:07 EDT [11041]: [8-1] user=mark,db=dbt3,app=psql,client=[local] STATEMENT:  
	ALTER TABLE partsupp
	ADD CONSTRAINT pk_partsupp
	PRIMARY KEY (ps_partkey, ps_suppkey) ;
2015-08-22 11:44:22 EDT [11058]: [1-1] user=mark,db=dbt3,app=psql,client=[local] LOG:  process 11058 still waiting for AccessExclusiveLock on relation 16838 of database 16392 after 1000.107 ms
2015-08-22 11:44:22 EDT [11058]: [2-1] user=mark,db=dbt3,app=psql,client=[local] DETAIL:  Process holding the lock: 11056. Wait queue: 11058, 11059, 11060, 11064.
2015-08-22 11:44:22 EDT [11058]: [3-1] user=mark,db=dbt3,app=psql,client=[local] STATEMENT:  
	ALTER TABLE customer
	ADD CONSTRAINT pk_customer PRIMARY KEY (c_custkey) ;
2015-08-22 11:44:22 EDT [11059]: [1-1] user=mark,db=dbt3,app=psql,client=[local] LOG:  process 11059 still waiting for ShareLock on relation 16838 of database 16392 after 1000.097 ms
2015-08-22 11:44:22 EDT [11059]: [2-1] user=mark,db=dbt3,app=psql,client=[local] DETAIL:  Process holding the lock: 11056. Wait queue: 11058, 11059, 11060, 11064.
2015-08-22 11:44:22 EDT [11059]: [3-1] user=mark,db=dbt3,app=psql,client=[local] STATEMENT:  
	CREATE INDEX customer_c_phone_idx
	ON customer (substr(c_phone::text, 1, 2), c_acctbal);
2015-08-22 11:44:22 EDT [11060]: [1-1] user=mark,db=dbt3,app=psql,client=[local] LOG:  process 11060 still waiting for ShareLock on relation 16838 of database 16392 after 1000.091 ms
2015-08-22 11:44:22 EDT [11060]: [2-1] user=mark,db=dbt3,app=psql,client=[local] DETAIL:  Process holding the lock: 11056. Wait queue: 11058, 11059, 11060, 11064.
2015-08-22 11:44:22 EDT [11060]: [3-1] user=mark,db=dbt3,app=psql,client=[local] STATEMENT:  
	CREATE INDEX customer_c_mktsegment_c_custkey_idx
	ON customer (c_mktsegment, c_custkey);
2015-08-22 11:44:22 EDT [11064]: [1-1] user=mark,db=dbt3,app=psql,client=[local] LOG:  process 11064 still waiting for ShareLock on relation 16838 of database 16392 after 1000.094 ms
2015-08-22 11:44:22 EDT [11064]: [2-1] user=mark,db=dbt3,app=psql,client=[local] DETAIL:  Process holding the lock: 11056. Wait queue: 11058, 11059, 11060, 11064.
2015-08-22 11:44:22 EDT [11064]: [3-1] user=mark,db=dbt3,app=psql,client=[local] STATEMENT:  
	CREATE INDEX customer_c_nationkey_c_custkey_idx
	ON customer (c_nationkey, c_custkey);
2015-08-22 11:44:49 EDT [11132]: [1-1] user=,db=,app=,client= LOG:  Getting relation statistics for public.orders
2015-08-22 11:44:49 EDT [11132]: [2-1] user=,db=,app=,client= LOG:  Getting detailed statistics for public.orders
2015-08-22 11:44:49 EDT [11132]: [3-1] user=,db=,app=,client= LOG:  Getting relation statistics for public.partsupp
2015-08-22 11:44:49 EDT [11132]: [4-1] user=,db=,app=,client= LOG:  Getting detailed statistics for public.partsupp
2015-08-22 11:45:19 EDT [11045]: [1-1] user=mark,db=dbt3,app=psql,client=[local] LOG:  Getting relation statistics for public.partsupp
2015-08-22 11:45:19 EDT [11045]: [2-1] user=mark,db=dbt3,app=psql,client=[local] STATEMENT:  VACUUM ANALYZE partsupp;
2015-08-22 11:45:19 EDT [11045]: [3-1] user=mark,db=dbt3,app=psql,client=[local] LOG:  Getting relation statistics for public.partsupp
2015-08-22 11:45:19 EDT [11045]: [4-1] user=mark,db=dbt3,app=psql,client=[local] STATEMENT:  VACUUM ANALYZE partsupp;
2015-08-22 11:45:19 EDT [11045]: [5-1] user=mark,db=dbt3,app=psql,client=[local] LOG:  Getting detailed statistics for public.partsupp
2015-08-22 11:45:19 EDT [11045]: [6-1] user=mark,db=dbt3,app=psql,client=[local] STATEMENT:  VACUUM ANALYZE partsupp;
2015-08-22 11:45:25 EDT [11058]: [4-1] user=mark,db=dbt3,app=psql,client=[local] LOG:  process 11058 acquired AccessExclusiveLock on relation 16838 of database 16392 after 64660.488 ms
2015-08-22 11:45:25 EDT [11058]: [5-1] user=mark,db=dbt3,app=psql,client=[local] STATEMENT:  
	ALTER TABLE customer
	ADD CONSTRAINT pk_customer PRIMARY KEY (c_custkey) ;
2015-08-22 11:45:26 EDT [11215]: [1-1] user=mark,db=dbt3,app=psql,client=[local] LOG:  process 11215 still waiting for AccessExclusiveLock on relation 16841 of database 16392 after 1000.127 ms
2015-08-22 11:45:26 EDT [11215]: [2-1] user=mark,db=dbt3,app=psql,client=[local] DETAIL:  Processes holding the lock: 11210, 11217. Wait queue: 11215.
2015-08-22 11:45:26 EDT [11215]: [3-1] user=mark,db=dbt3,app=psql,client=[local] STATEMENT:  
	ALTER TABLE orders
	ADD CONSTRAINT pk_orders PRIMARY KEY (o_orderkey) ;
2015-08-22 11:46:18 EDT [9261]: [5-1] user=,db=,app=,client= LOG:  checkpoint starting: time
2015-08-22 11:46:24 EDT [11064]: [4-1] user=mark,db=dbt3,app=psql,client=[local] LOG:  process 11064 acquired ShareLock on relation 16838 of database 16392 after 123634.835 ms
2015-08-22 11:46:24 EDT [11064]: [5-1] user=mark,db=dbt3,app=psql,client=[local] STATEMENT:  
	CREATE INDEX customer_c_nationkey_c_custkey_idx
	ON customer (c_nationkey, c_custkey);
2015-08-22 11:46:24 EDT [11059]: [4-1] user=mark,db=dbt3,app=psql,client=[local] LOG:  process 11059 acquired ShareLock on relation 16838 of database 16392 after 123652.704 ms
2015-08-22 11:46:24 EDT [11059]: [5-1] user=mark,db=dbt3,app=psql,client=[local] STATEMENT:  
	CREATE INDEX customer_c_phone_idx
	ON customer (substr(c_phone::text, 1, 2), c_acctbal);
2015-08-22 11:46:24 EDT [11060]: [4-1] user=mark,db=dbt3,app=psql,client=[local] LOG:  process 11060 acquired ShareLock on relation 16838 of database 16392 after 123650.341 ms
2015-08-22 11:46:24 EDT [11060]: [5-1] user=mark,db=dbt3,app=psql,client=[local] STATEMENT:  
	CREATE INDEX customer_c_mktsegment_c_custkey_idx
	ON customer (c_mktsegment, c_custkey);
2015-08-22 11:46:25 EDT [11215]: [4-1] user=mark,db=dbt3,app=psql,client=[local] LOG:  process 11215 acquired AccessExclusiveLock on relation 16841 of database 16392 after 59964.438 ms
2015-08-22 11:46:25 EDT [11215]: [5-1] user=mark,db=dbt3,app=psql,client=[local] STATEMENT:  
	ALTER TABLE orders
	ADD CONSTRAINT pk_orders PRIMARY KEY (o_orderkey) ;
2015-08-22 11:46:35 EDT [9261]: [6-1] user=,db=,app=,client= LOG:  checkpoint complete: wrote 159 buffers (0.0%); 0 transaction log file(s) added, 0 removed, 0 recycled; write=16.875 s, sync=0.178 s, total=17.116 s; sync files=25, longest=0.018 s, average=0.007 s; distance=1169 kB, estimate=5598 kB
2015-08-22 11:47:49 EDT [11383]: [1-1] user=,db=,app=,client= LOG:  Getting relation statistics for public.orders
2015-08-22 11:47:49 EDT [11383]: [2-1] user=,db=,app=,client= LOG:  Getting detailed statistics for public.orders
2015-08-22 11:48:49 EDT [11464]: [1-1] user=,db=,app=,client= LOG:  Getting relation statistics for public.customer
2015-08-22 11:48:49 EDT [11464]: [2-1] user=,db=,app=,client= LOG:  Getting detailed statistics for public.customer
2015-08-22 11:48:58 EDT [11311]: [1-1] user=mark,db=dbt3,app=psql,client=[local] LOG:  Getting relation statistics for public.orders
2015-08-22 11:48:58 EDT [11311]: [2-1] user=mark,db=dbt3,app=psql,client=[local] STATEMENT:  VACUUM ANALYZE orders;
2015-08-22 11:48:58 EDT [11311]: [3-1] user=mark,db=dbt3,app=psql,client=[local] LOG:  Getting relation statistics for public.orders
2015-08-22 11:48:58 EDT [11311]: [4-1] user=mark,db=dbt3,app=psql,client=[local] STATEMENT:  VACUUM ANALYZE orders;
2015-08-22 11:48:58 EDT [11311]: [5-1] user=mark,db=dbt3,app=psql,client=[local] LOG:  Getting detailed statistics for public.orders
2015-08-22 11:48:58 EDT [11311]: [6-1] user=mark,db=dbt3,app=psql,client=[local] STATEMENT:  VACUUM ANALYZE orders;
2015-08-22 11:50:26 EDT [11392]: [1-1] user=mark,db=dbt3,app=psql,client=[local] LOG:  Getting relation statistics for public.customer
2015-08-22 11:50:26 EDT [11392]: [2-1] user=mark,db=dbt3,app=psql,client=[local] STATEMENT:  VACUUM ANALYZE customer;
2015-08-22 11:50:26 EDT [11392]: [3-1] user=mark,db=dbt3,app=psql,client=[local] LOG:  Getting relation statistics for public.customer
2015-08-22 11:50:26 EDT [11392]: [4-1] user=mark,db=dbt3,app=psql,client=[local] STATEMENT:  VACUUM ANALYZE customer;
2015-08-22 11:50:26 EDT [11392]: [5-1] user=mark,db=dbt3,app=psql,client=[local] LOG:  Getting detailed statistics for public.customer
2015-08-22 11:50:26 EDT [11392]: [6-1] user=mark,db=dbt3,app=psql,client=[local] STATEMENT:  VACUUM ANALYZE customer;
2015-08-22 11:51:18 EDT [9261]: [7-1] user=,db=,app=,client= LOG:  checkpoint starting: time
2015-08-22 11:51:55 EDT [9261]: [8-1] user=,db=,app=,client= LOG:  checkpoint complete: wrote 358 buffers (0.0%); 0 transaction log file(s) added, 0 removed, 0 recycled; write=36.527 s, sync=0.079 s, total=36.701 s; sync files=18, longest=0.073 s, average=0.004 s; distance=1828 kB, estimate=5221 kB
2015-08-22 11:56:18 EDT [9261]: [9-1] user=,db=,app=,client= LOG:  checkpoint starting: time
2015-08-22 11:56:18 EDT [9261]: [10-1] user=,db=,app=,client= LOG:  checkpoint complete: wrote 0 buffers (0.0%); 0 transaction log file(s) added, 0 removed, 1 recycled; write=0.010 s, sync=0.000 s, total=0.030 s; sync files=0, longest=0.000 s, average=0.000 s; distance=3 kB, estimate=4699 kB
2015-08-22 12:01:18 EDT [9261]: [11-1] user=,db=,app=,client= LOG:  checkpoint starting: time
2015-08-22 12:01:18 EDT [9261]: [12-1] user=,db=,app=,client= LOG:  checkpoint complete: wrote 0 buffers (0.0%); 0 transaction log file(s) added, 0 removed, 0 recycled; write=0.021 s, sync=0.000 s, total=0.057 s; sync files=0, longest=0.000 s, average=0.000 s; distance=3 kB, estimate=4230 kB
2015-08-22 12:01:49 EDT [12467]: [1-1] user=,db=,app=,client= LOG:  Getting relation statistics for public.lineitem
2015-08-22 12:01:49 EDT [12467]: [2-1] user=,db=,app=,client= LOG:  Getting detailed statistics for public.lineitem
2015-08-22 12:02:21 EDT [12486]: [1-1] user=mark,db=dbt3,app=psql,client=[local] LOG:  process 12486 still waiting for ShareLock on relation 16844 of database 16392 after 1000.100 ms
2015-08-22 12:02:21 EDT [12486]: [2-1] user=mark,db=dbt3,app=psql,client=[local] DETAIL:  Process holding the lock: 12484. Wait queue: 12486, 12489, 12491, 12495, 12487, 12485, 12494.
2015-08-22 12:02:21 EDT [12486]: [3-1] user=mark,db=dbt3,app=psql,client=[local] STATEMENT:  
	CREATE INDEX lineitem_l_partkey_l_quantity_l_shipmode_idx
	ON lineitem (l_partkey, l_quantity, l_shipmode);
2015-08-22 12:02:21 EDT [12489]: [1-1] user=mark,db=dbt3,app=psql,client=[local] LOG:  process 12489 still waiting for ShareLock on relation 16844 of database 16392 after 1000.090 ms
2015-08-22 12:02:21 EDT [12489]: [2-1] user=mark,db=dbt3,app=psql,client=[local] DETAIL:  Process holding the lock: 12484. Wait queue: 12486, 12489, 12491, 12495, 12487, 12485, 12494.
2015-08-22 12:02:21 EDT [12489]: [3-1] user=mark,db=dbt3,app=psql,client=[local] STATEMENT:  
	CREATE INDEX lineitem_l_orderkey_idx_part1
	ON lineitem (l_orderkey)
	WHERE l_commitdate < l_receiptdate;
2015-08-22 12:02:21 EDT [12491]: [1-1] user=mark,db=dbt3,app=psql,client=[local] LOG:  process 12491 still waiting for ShareLock on relation 16844 of database 16392 after 1000.100 ms
2015-08-22 12:02:21 EDT [12491]: [2-1] user=mark,db=dbt3,app=psql,client=[local] DETAIL:  Process holding the lock: 12484. Wait queue: 12486, 12489, 12491, 12495, 12487, 12485, 12494.
2015-08-22 12:02:21 EDT [12491]: [3-1] user=mark,db=dbt3,app=psql,client=[local] STATEMENT:  
	CREATE INDEX lineitem_l_shipdate_l_suppkey__idx
	ON lineitem (l_shipdate, l_suppkey);
2015-08-22 12:02:21 EDT [12495]: [1-1] user=mark,db=dbt3,app=psql,client=[local] LOG:  process 12495 still waiting for ShareLock on relation 16844 of database 16392 after 1000.091 ms
2015-08-22 12:02:21 EDT [12495]: [2-1] user=mark,db=dbt3,app=psql,client=[local] DETAIL:  Process holding the lock: 12484. Wait queue: 12486, 12489, 12491, 12495, 12487, 12485, 12494.
2015-08-22 12:02:21 EDT [12495]: [3-1] user=mark,db=dbt3,app=psql,client=[local] STATEMENT:  
	CREATE INDEX lineitem_l_orderkey_idx_part2
	ON lineitem (l_orderkey)
	WHERE l_commitdate < l_receiptdate
	  AND l_shipdate < l_commitdate;
2015-08-22 12:02:21 EDT [12487]: [1-1] user=mark,db=dbt3,app=psql,client=[local] LOG:  process 12487 still waiting for ShareLock on relation 16844 of database 16392 after 1000.097 ms
2015-08-22 12:02:21 EDT [12487]: [2-1] user=mark,db=dbt3,app=psql,client=[local] DETAIL:  Process holding the lock: 12484. Wait queue: 12486, 12489, 12491, 12495, 12487, 12485, 12494.
2015-08-22 12:02:21 EDT [12487]: [3-1] user=mark,db=dbt3,app=psql,client=[local] STATEMENT:  
	CREATE INDEX lineitem_l_orderkey_idx_l_returnflag
	ON lineitem (l_orderkey)
	WHERE l_returnflag = 'R';
2015-08-22 12:02:21 EDT [12485]: [1-1] user=mark,db=dbt3,app=psql,client=[local] LOG:  process 12485 still waiting for ShareLock on relation 16844 of database 16392 after 1000.091 ms
2015-08-22 12:02:21 EDT [12485]: [2-1] user=mark,db=dbt3,app=psql,client=[local] DETAIL:  Process holding the lock: 12484. Wait queue: 12486, 12489, 12491, 12495, 12487, 12485, 12494.
2015-08-22 12:02:21 EDT [12485]: [3-1] user=mark,db=dbt3,app=psql,client=[local] STATEMENT:  
	CREATE INDEX lineitem_l_orderkey_idx
	ON lineitem (l_orderkey);
2015-08-22 12:02:21 EDT [12494]: [1-1] user=mark,db=dbt3,app=psql,client=[local] LOG:  process 12494 still waiting for ShareLock on relation 16844 of database 16392 after 1000.091 ms
2015-08-22 12:02:21 EDT [12494]: [2-1] user=mark,db=dbt3,app=psql,client=[local] DETAIL:  Process holding the lock: 12484. Wait queue: 12486, 12489, 12491, 12495, 12487, 12485, 12494.
2015-08-22 12:02:21 EDT [12494]: [3-1] user=mark,db=dbt3,app=psql,client=[local] STATEMENT:  
	CREATE INDEX lineitem_l_orderkey_l_linenumber_l_shipdate_idx
	ON lineitem (l_orderkey, l_linenumber, l_shipdate);
2015-08-22 12:04:46 EDT [12489]: [4-1] user=mark,db=dbt3,app=psql,client=[local] LOG:  process 12489 acquired ShareLock on relation 16844 of database 16392 after 146049.815 ms
2015-08-22 12:04:46 EDT [12489]: [5-1] user=mark,db=dbt3,app=psql,client=[local] STATEMENT:  
	CREATE INDEX lineitem_l_orderkey_idx_part1
	ON lineitem (l_orderkey)
	WHERE l_commitdate < l_receiptdate;
2015-08-22 12:04:46 EDT [12486]: [4-1] user=mark,db=dbt3,app=psql,client=[local] LOG:  process 12486 acquired ShareLock on relation 16844 of database 16392 after 146050.897 ms
2015-08-22 12:04:46 EDT [12486]: [5-1] user=mark,db=dbt3,app=psql,client=[local] STATEMENT:  
	CREATE INDEX lineitem_l_partkey_l_quantity_l_shipmode_idx
	ON lineitem (l_partkey, l_quantity, l_shipmode);
2015-08-22 12:04:46 EDT [12487]: [4-1] user=mark,db=dbt3,app=psql,client=[local] LOG:  process 12487 acquired ShareLock on relation 16844 of database 16392 after 146044.757 ms
2015-08-22 12:04:46 EDT [12487]: [5-1] user=mark,db=dbt3,app=psql,client=[local] STATEMENT:  
	CREATE INDEX lineitem_l_orderkey_idx_l_returnflag
	ON lineitem (l_orderkey)
	WHERE l_returnflag = 'R';
2015-08-22 12:04:46 EDT [12491]: [4-1] user=mark,db=dbt3,app=psql,client=[local] LOG:  process 12491 acquired ShareLock on relation 16844 of database 16392 after 146047.698 ms
2015-08-22 12:04:46 EDT [12491]: [5-1] user=mark,db=dbt3,app=psql,client=[local] STATEMENT:  
	CREATE INDEX lineitem_l_shipdate_l_suppkey__idx
	ON lineitem (l_shipdate, l_suppkey);
2015-08-22 12:04:46 EDT [12495]: [4-1] user=mark,db=dbt3,app=psql,client=[local] LOG:  process 12495 acquired ShareLock on relation 16844 of database 16392 after 146047.285 ms
2015-08-22 12:04:46 EDT [12495]: [5-1] user=mark,db=dbt3,app=psql,client=[local] STATEMENT:  
	CREATE INDEX lineitem_l_orderkey_idx_part2
	ON lineitem (l_orderkey)
	WHERE l_commitdate < l_receiptdate
	  AND l_shipdate < l_commitdate;
2015-08-22 12:04:46 EDT [12485]: [4-1] user=mark,db=dbt3,app=psql,client=[local] LOG:  process 12485 acquired ShareLock on relation 16844 of database 16392 after 146044.713 ms
2015-08-22 12:04:46 EDT [12485]: [5-1] user=mark,db=dbt3,app=psql,client=[local] STATEMENT:  
	CREATE INDEX lineitem_l_orderkey_idx
	ON lineitem (l_orderkey);
2015-08-22 12:04:46 EDT [12494]: [4-1] user=mark,db=dbt3,app=psql,client=[local] LOG:  process 12494 acquired ShareLock on relation 16844 of database 16392 after 146043.852 ms
2015-08-22 12:04:46 EDT [12494]: [5-1] user=mark,db=dbt3,app=psql,client=[local] STATEMENT:  
	CREATE INDEX lineitem_l_orderkey_l_linenumber_l_shipdate_idx
	ON lineitem (l_orderkey, l_linenumber, l_shipdate);
2015-08-22 12:06:19 EDT [9261]: [13-1] user=,db=,app=,client= LOG:  checkpoint starting: time
2015-08-22 12:07:39 EDT [9261]: [14-1] user=,db=,app=,client= LOG:  checkpoint complete: wrote 800 buffers (0.1%); 0 transaction log file(s) added, 0 removed, 0 recycled; write=80.096 s, sync=0.015 s, total=80.116 s; sync files=25, longest=0.006 s, average=0.000 s; distance=301 kB, estimate=3837 kB
2015-08-22 12:09:49 EDT [13098]: [1-1] user=,db=,app=,client= LOG:  Getting relation statistics for public.lineitem
2015-08-22 12:09:50 EDT [13098]: [2-1] user=,db=,app=,client= LOG:  Getting detailed statistics for public.lineitem
2015-08-22 12:11:19 EDT [9261]: [15-1] user=,db=,app=,client= LOG:  checkpoint starting: time
2015-08-22 12:11:20 EDT [9261]: [16-1] user=,db=,app=,client= LOG:  checkpoint complete: wrote 12 buffers (0.0%); 0 transaction log file(s) added, 0 removed, 0 recycled; write=1.114 s, sync=0.003 s, total=1.122 s; sync files=3, longest=0.001 s, average=0.001 s; distance=54 kB, estimate=3458 kB
2015-08-22 12:14:47 EDT [13026]: [1-1] user=mark,db=dbt3,app=psql,client=[local] LOG:  Getting relation statistics for public.lineitem
2015-08-22 12:14:47 EDT [13026]: [2-1] user=mark,db=dbt3,app=psql,client=[local] STATEMENT:  VACUUM ANALYZE lineitem;
2015-08-22 12:14:47 EDT [13026]: [3-1] user=mark,db=dbt3,app=psql,client=[local] LOG:  Getting relation statistics for public.lineitem
2015-08-22 12:14:47 EDT [13026]: [4-1] user=mark,db=dbt3,app=psql,client=[local] STATEMENT:  VACUUM ANALYZE lineitem;
2015-08-22 12:14:47 EDT [13026]: [5-1] user=mark,db=dbt3,app=psql,client=[local] LOG:  Getting detailed statistics for public.lineitem
2015-08-22 12:14:47 EDT [13026]: [6-1] user=mark,db=dbt3,app=psql,client=[local] STATEMENT:  VACUUM ANALYZE lineitem;
2015-08-22 12:14:55 EDT [9258]: [2-1] user=,db=,app=,client= LOG:  received fast shutdown request
2015-08-22 12:14:55 EDT [9258]: [3-1] user=,db=,app=,client= LOG:  aborting any active transactions
2015-08-22 12:14:55 EDT [9264]: [2-1] user=,db=,app=,client= LOG:  autovacuum launcher shutting down
2015-08-22 12:14:55 EDT [9261]: [17-1] user=,db=,app=,client= LOG:  shutting down
2015-08-22 12:14:55 EDT [9261]: [18-1] user=,db=,app=,client= LOG:  checkpoint starting: shutdown immediate
2015-08-22 12:14:55 EDT [9261]: [19-1] user=,db=,app=,client= LOG:  checkpoint complete: wrote 108 buffers (0.0%); 0 transaction log file(s) added, 0 removed, 0 recycled; write=0.011 s, sync=0.027 s, total=0.046 s; sync files=25, longest=0.003 s, average=0.001 s; distance=690 kB, estimate=3182 kB
2015-08-22 12:14:55 EDT [9261]: [20-1] user=,db=,app=,client= LOG:  database system is shut down
